<?xml version="1.0" encoding="UTF-8"?>
<coverage generated="1659239076574" clover="3.2.0">
  <project timestamp="1659239076574" name="All files">
    <metrics statements="48" coveredstatements="45" conditionals="10" coveredconditionals="10" methods="15" coveredmethods="14" elements="73" coveredelements="69" complexity="0" loc="48" ncloc="48" packages="1" files="3" classes="3"/>
    <file name="gameboard.ts" path="/Users/justin/TheOdinProject/battleship/src/modules/gameboard.ts">
      <metrics statements="25" coveredstatements="25" conditionals="8" coveredconditionals="8" methods="8" coveredmethods="8"/>
      <line num="1" count="2" type="stmt"/>
      <line num="11" count="2" type="stmt"/>
      <line num="12" count="2" type="stmt"/>
      <line num="13" count="2" type="stmt"/>
      <line num="14" count="2" type="stmt"/>
      <line num="15" count="2" type="stmt"/>
      <line num="19" count="4" type="stmt"/>
      <line num="23" count="20" type="cond" truecount="3" falsecount="0"/>
      <line num="24" count="18" type="stmt"/>
      <line num="26" count="2" type="stmt"/>
      <line num="30" count="18" type="cond" truecount="1" falsecount="0"/>
      <line num="31" count="14" type="stmt"/>
      <line num="32" count="14" type="stmt"/>
      <line num="34" count="4" type="stmt"/>
      <line num="38" count="20" type="cond" truecount="1" falsecount="0"/>
      <line num="39" count="18" type="cond" truecount="1" falsecount="0"/>
      <line num="41" count="14" type="stmt"/>
      <line num="42" count="31" type="stmt"/>
      <line num="43" count="31" type="cond" truecount="1" falsecount="0"/>
      <line num="44" count="12" type="stmt"/>
      <line num="46" count="19" type="stmt"/>
      <line num="48" count="14" type="cond" truecount="1" falsecount="0"/>
      <line num="49" count="14" type="stmt"/>
      <line num="53" count="3" type="stmt"/>
      <line num="56" count="2" type="stmt"/>
    </file>
    <file name="player.ts" path="/Users/justin/TheOdinProject/battleship/src/modules/player.ts">
      <metrics statements="10" coveredstatements="7" conditionals="0" coveredconditionals="0" methods="4" coveredmethods="3"/>
      <line num="1" count="1" type="stmt"/>
      <line num="9" count="1" type="stmt"/>
      <line num="10" count="1" type="stmt"/>
      <line num="11" count="1" type="stmt"/>
      <line num="18" count="1" type="stmt"/>
      <line num="23" count="4" type="stmt"/>
      <line num="27" count="0" type="stmt"/>
      <line num="28" count="0" type="stmt"/>
      <line num="29" count="0" type="stmt"/>
      <line num="32" count="1" type="stmt"/>
    </file>
    <file name="ships.ts" path="/Users/justin/TheOdinProject/battleship/src/modules/ships.ts">
      <metrics statements="13" coveredstatements="13" conditionals="2" coveredconditionals="2" methods="3" coveredmethods="3"/>
      <line num="19" count="5" type="stmt"/>
      <line num="20" count="5" type="stmt"/>
      <line num="21" count="5" type="stmt"/>
      <line num="22" count="5" type="stmt"/>
      <line num="23" count="5" type="stmt"/>
      <line num="27" count="35" type="cond" truecount="1" falsecount="0"/>
      <line num="28" count="15" type="stmt"/>
      <line num="29" count="15" type="stmt"/>
      <line num="31" count="20" type="stmt"/>
      <line num="35" count="2" type="cond" truecount="1" falsecount="0"/>
      <line num="36" count="1" type="stmt"/>
      <line num="38" count="2" type="stmt"/>
      <line num="41" count="3" type="stmt"/>
    </file>
  </project>
</coverage>
