{"/Users/justin/TheOdinProject/battleship/src/modules/gameboard.ts": {"path":"/Users/justin/TheOdinProject/battleship/src/modules/gameboard.ts","statementMap":{"0":{"start":{"line":1,"column":0},"end":{"line":1,"column":40}},"1":{"start":{"line":11,"column":4},"end":{"line":11,"column":25}},"2":{"start":{"line":12,"column":4},"end":{"line":12,"column":28}},"3":{"start":{"line":13,"column":4},"end":{"line":13,"column":23}},"4":{"start":{"line":14,"column":4},"end":{"line":14,"column":36}},"5":{"start":{"line":15,"column":4},"end":{"line":15,"column":38}},"6":{"start":{"line":19,"column":4},"end":{"line":19,"column":58}},"7":{"start":{"line":23,"column":4},"end":{"line":25,"column":null}},"8":{"start":{"line":24,"column":6},"end":{"line":24,"column":18}},"9":{"start":{"line":26,"column":4},"end":{"line":26,"column":17}},"10":{"start":{"line":30,"column":4},"end":{"line":33,"column":null}},"11":{"start":{"line":31,"column":6},"end":{"line":31,"column":40}},"12":{"start":{"line":32,"column":6},"end":{"line":32,"column":18}},"13":{"start":{"line":34,"column":4},"end":{"line":34,"column":17}},"14":{"start":{"line":38,"column":4},"end":{"line":38,"column":84}},"15":{"start":{"line":38,"column":55},"end":{"line":38,"column":84}},"16":{"start":{"line":39,"column":4},"end":{"line":39,"column":87}},"17":{"start":{"line":39,"column":60},"end":{"line":39,"column":87}},"18":{"start":{"line":41,"column":4},"end":{"line":47,"column":7}},"19":{"start":{"line":42,"column":6},"end":{"line":42,"column":53}},"20":{"start":{"line":43,"column":6},"end":{"line":45,"column":null}},"21":{"start":{"line":44,"column":8},"end":{"line":44,"column":21}},"22":{"start":{"line":46,"column":6},"end":{"line":46,"column":18}},"23":{"start":{"line":48,"column":4},"end":{"line":48,"column":88}},"24":{"start":{"line":48,"column":43},"end":{"line":48,"column":88}},"25":{"start":{"line":49,"column":4},"end":{"line":49,"column":28}},"26":{"start":{"line":53,"column":4},"end":{"line":53,"column":54}},"27":{"start":{"line":53,"column":41},"end":{"line":53,"column":52}},"28":{"start":{"line":56,"column":0},"end":{"line":56,"column":25}}},"fnMap":{"0":{"name":"(anonymous_0)","decl":{"start":{"line":10,"column":2},"end":{"line":10,"column":null}},"loc":{"start":{"line":10,"column":2},"end":{"line":16,"column":3}}},"1":{"name":"(anonymous_1)","decl":{"start":{"line":18,"column":2},"end":{"line":18,"column":9}},"loc":{"start":{"line":18,"column":58},"end":{"line":20,"column":3}}},"2":{"name":"(anonymous_2)","decl":{"start":{"line":22,"column":2},"end":{"line":22,"column":22}},"loc":{"start":{"line":22,"column":42},"end":{"line":27,"column":3}}},"3":{"name":"(anonymous_3)","decl":{"start":{"line":29,"column":2},"end":{"line":29,"column":27}},"loc":{"start":{"line":29,"column":47},"end":{"line":35,"column":3}}},"4":{"name":"(anonymous_4)","decl":{"start":{"line":37,"column":2},"end":{"line":37,"column":15}},"loc":{"start":{"line":37,"column":41},"end":{"line":50,"column":3}}},"5":{"name":"(anonymous_5)","decl":{"start":{"line":41,"column":24},"end":{"line":41,"column":25}},"loc":{"start":{"line":41,"column":33},"end":{"line":47,"column":5}}},"6":{"name":"(anonymous_6)","decl":{"start":{"line":52,"column":2},"end":{"line":52,"column":14}},"loc":{"start":{"line":52,"column":14},"end":{"line":54,"column":3}}},"7":{"name":"(anonymous_7)","decl":{"start":{"line":53,"column":31},"end":{"line":53,"column":32}},"loc":{"start":{"line":53,"column":41},"end":{"line":53,"column":52}}}},"branchMap":{"0":{"loc":{"start":{"line":23,"column":4},"end":{"line":25,"column":null}},"type":"if","locations":[{"start":{"line":23,"column":4},"end":{"line":25,"column":null}}]},"1":{"loc":{"start":{"line":23,"column":8},"end":{"line":23,"column":95}},"type":"binary-expr","locations":[{"start":{"line":23,"column":8},"end":{"line":23,"column":50}},{"start":{"line":23,"column":54},"end":{"line":23,"column":95}}]},"2":{"loc":{"start":{"line":30,"column":4},"end":{"line":33,"column":null}},"type":"if","locations":[{"start":{"line":30,"column":4},"end":{"line":33,"column":null}}]},"3":{"loc":{"start":{"line":38,"column":4},"end":{"line":38,"column":84}},"type":"if","locations":[{"start":{"line":38,"column":4},"end":{"line":38,"column":84}}]},"4":{"loc":{"start":{"line":39,"column":4},"end":{"line":39,"column":87}},"type":"if","locations":[{"start":{"line":39,"column":4},"end":{"line":39,"column":87}}]},"5":{"loc":{"start":{"line":43,"column":6},"end":{"line":45,"column":null}},"type":"if","locations":[{"start":{"line":43,"column":6},"end":{"line":45,"column":null}}]},"6":{"loc":{"start":{"line":48,"column":4},"end":{"line":48,"column":88}},"type":"if","locations":[{"start":{"line":48,"column":4},"end":{"line":48,"column":88}}]}},"s":{"0":2,"1":2,"2":2,"3":2,"4":2,"5":2,"6":4,"7":20,"8":18,"9":2,"10":18,"11":14,"12":14,"13":4,"14":20,"15":2,"16":18,"17":4,"18":14,"19":31,"20":31,"21":12,"22":19,"23":14,"24":2,"25":14,"26":1,"27":3,"28":2},"f":{"0":2,"1":4,"2":20,"3":18,"4":20,"5":31,"6":1,"7":3},"b":{"0":[18],"1":[20,19],"2":[14],"3":[2],"4":[4],"5":[12],"6":[2]}}
,"/Users/justin/TheOdinProject/battleship/src/modules/player.ts": {"path":"/Users/justin/TheOdinProject/battleship/src/modules/player.ts","statementMap":{"0":{"start":{"line":1,"column":0},"end":{"line":1,"column":36}},"1":{"start":{"line":9,"column":4},"end":{"line":9,"column":23}},"2":{"start":{"line":10,"column":4},"end":{"line":10,"column":90}},"3":{"start":{"line":11,"column":4},"end":{"line":11,"column":39}},"4":{"start":{"line":18,"column":4},"end":{"line":18,"column":66}},"5":{"start":{"line":23,"column":4},"end":{"line":23,"column":55}},"6":{"start":{"line":27,"column":47},"end":{"line":27,"column":50}},"7":{"start":{"line":28,"column":41},"end":{"line":28,"column":95}},"8":{"start":{"line":29,"column":4},"end":{"line":29,"column":64}},"9":{"start":{"line":32,"column":0},"end":{"line":32,"column":22}}},"fnMap":{"0":{"name":"(anonymous_1)","decl":{"start":{"line":8,"column":2},"end":{"line":8,"column":14}},"loc":{"start":{"line":8,"column":26},"end":{"line":12,"column":3}}},"1":{"name":"(anonymous_2)","decl":{"start":{"line":14,"column":2},"end":{"line":14,"column":12}},"loc":{"start":{"line":14,"column":48},"end":{"line":20,"column":3}}},"2":{"name":"(anonymous_3)","decl":{"start":{"line":22,"column":2},"end":{"line":22,"column":8}},"loc":{"start":{"line":22,"column":28},"end":{"line":24,"column":3}}},"3":{"name":"(anonymous_4)","decl":{"start":{"line":26,"column":2},"end":{"line":26,"column":11}},"loc":{"start":{"line":26,"column":11},"end":{"line":30,"column":3}}}},"branchMap":{},"s":{"0":1,"1":1,"2":1,"3":1,"4":1,"5":4,"6":0,"7":0,"8":0,"9":1},"f":{"0":1,"1":1,"2":4,"3":0},"b":{}}
,"/Users/justin/TheOdinProject/battleship/src/modules/ships.ts": {"path":"/Users/justin/TheOdinProject/battleship/src/modules/ships.ts","statementMap":{"0":{"start":{"line":19,"column":4},"end":{"line":19,"column":37}},"1":{"start":{"line":20,"column":4},"end":{"line":20,"column":25}},"2":{"start":{"line":21,"column":4},"end":{"line":21,"column":21}},"3":{"start":{"line":22,"column":4},"end":{"line":22,"column":26}},"4":{"start":{"line":23,"column":4},"end":{"line":23,"column":22}},"5":{"start":{"line":27,"column":4},"end":{"line":30,"column":null}},"6":{"start":{"line":28,"column":6},"end":{"line":28,"column":47}},"7":{"start":{"line":29,"column":6},"end":{"line":29,"column":41}},"8":{"start":{"line":31,"column":4},"end":{"line":31,"column":42}},"9":{"start":{"line":35,"column":4},"end":{"line":37,"column":null}},"10":{"start":{"line":36,"column":6},"end":{"line":36,"column":23}},"11":{"start":{"line":38,"column":4},"end":{"line":38,"column":21}},"12":{"start":{"line":41,"column":9},"end":{"line":41,"column":14}}},"fnMap":{"0":{"name":"(anonymous_0)","decl":{"start":{"line":18,"column":2},"end":{"line":18,"column":14}},"loc":{"start":{"line":18,"column":66},"end":{"line":24,"column":3}}},"1":{"name":"(anonymous_1)","decl":{"start":{"line":26,"column":2},"end":{"line":26,"column":5}},"loc":{"start":{"line":26,"column":31},"end":{"line":32,"column":3}}},"2":{"name":"(anonymous_2)","decl":{"start":{"line":34,"column":2},"end":{"line":34,"column":8}},"loc":{"start":{"line":34,"column":8},"end":{"line":39,"column":3}}}},"branchMap":{"0":{"loc":{"start":{"line":27,"column":4},"end":{"line":30,"column":null}},"type":"if","locations":[{"start":{"line":27,"column":4},"end":{"line":30,"column":null}}]},"1":{"loc":{"start":{"line":35,"column":4},"end":{"line":37,"column":null}},"type":"if","locations":[{"start":{"line":35,"column":4},"end":{"line":37,"column":null}}]}},"s":{"0":5,"1":5,"2":5,"3":5,"4":5,"5":35,"6":15,"7":15,"8":20,"9":2,"10":1,"11":2,"12":3},"f":{"0":5,"1":35,"2":2},"b":{"0":[15],"1":[1]}}
}
