TN:
SF:src/modules/gameboard.ts
FN:10,(anonymous_0)
FN:18,(anonymous_1)
FN:22,(anonymous_2)
FN:29,(anonymous_3)
FN:37,(anonymous_4)
FN:41,(anonymous_5)
FN:52,(anonymous_6)
FN:53,(anonymous_7)
FNF:8
FNH:8
FNDA:2,(anonymous_0)
FNDA:4,(anonymous_1)
FNDA:20,(anonymous_2)
FNDA:18,(anonymous_3)
FNDA:20,(anonymous_4)
FNDA:31,(anonymous_5)
FNDA:1,(anonymous_6)
FNDA:3,(anonymous_7)
DA:1,2
DA:11,2
DA:12,2
DA:13,2
DA:14,2
DA:15,2
DA:19,4
DA:23,20
DA:24,18
DA:26,2
DA:30,18
DA:31,14
DA:32,14
DA:34,4
DA:38,20
DA:39,18
DA:41,14
DA:42,31
DA:43,31
DA:44,12
DA:46,19
DA:48,14
DA:49,14
DA:53,3
DA:56,2
LF:25
LH:25
BRDA:23,0,0,18
BRDA:23,1,0,20
BRDA:23,1,1,19
BRDA:30,2,0,14
BRDA:38,3,0,2
BRDA:39,4,0,4
BRDA:43,5,0,12
BRDA:48,6,0,2
BRF:8
BRH:8
end_of_record
TN:
SF:src/modules/player.ts
FN:8,(anonymous_1)
FN:14,(anonymous_2)
FN:22,(anonymous_3)
FN:26,(anonymous_4)
FNF:4
FNH:3
FNDA:1,(anonymous_1)
FNDA:1,(anonymous_2)
FNDA:4,(anonymous_3)
FNDA:0,(anonymous_4)
DA:1,1
DA:9,1
DA:10,1
DA:11,1
DA:18,1
DA:23,4
DA:27,0
DA:28,0
DA:29,0
DA:32,1
LF:10
LH:7
BRF:0
BRH:0
end_of_record
TN:
SF:src/modules/ships.ts
FN:18,(anonymous_0)
FN:26,(anonymous_1)
FN:34,(anonymous_2)
FNF:3
FNH:3
FNDA:5,(anonymous_0)
FNDA:35,(anonymous_1)
FNDA:2,(anonymous_2)
DA:19,5
DA:20,5
DA:21,5
DA:22,5
DA:23,5
DA:27,35
DA:28,15
DA:29,15
DA:31,20
DA:35,2
DA:36,1
DA:38,2
DA:41,3
LF:13
LH:13
BRDA:27,0,0,15
BRDA:35,1,0,1
BRF:2
BRH:2
end_of_record
